[0.349s] DEBUG:colcon:Command line arguments: ['/usr/bin/colcon', 'build']
[0.349s] DEBUG:colcon:Parsed command line arguments: Namespace(log_base=None, log_level=None, verb_name='build', build_base='build', install_base='install', merge_install=False, symlink_install=False, test_result_base=None, continue_on_error=False, executor='sequential', event_handlers=None, base_paths=['.'], paths=None, cmake_args=None, cmake_target=None, cmake_target_skip_unavailable=False, cmake_clean_cache=False, cmake_clean_first=False, cmake_force_configure=False, ament_cmake_args=None, catkin_cmake_args=None, catkin_skip_building_tests=False, verb_parser=CustomArgumentParser(prog='colcon build', usage=None, description='Build a set of packages.', formatter_class=<class 'colcon_core.command.CustomFormatter'>, conflict_handler='error', add_help=True), verb_extension=<colcon_core.verb.build.BuildVerb object at 0x7fe970f8f160>, main=<bound method BuildVerb.main of <colcon_core.verb.build.BuildVerb object at 0x7fe970f8f160>>)
[0.393s] Level 1:colcon.colcon_core.package_discovery:discover_packages(recursive) check parameters
[0.393s] Level 1:colcon.colcon_core.package_discovery:discover_packages(path) check parameters
[0.393s] Level 1:colcon.colcon_core.package_discovery:discover_packages(recursive) discover
[0.393s] INFO:colcon.colcon_core.package_discovery:Crawling recursively for packages in '/home/yanyu/mytest_ws'
[0.394s] Level 1:colcon.colcon_core.package_identification:_identify(.) by extensions ['ignore', 'ignore_ament_install']
[0.394s] Level 1:colcon.colcon_core.package_identification:_identify(.) by extension 'ignore'
[0.394s] Level 1:colcon.colcon_core.package_identification:_identify(.) by extension 'ignore_ament_install'
[0.394s] Level 1:colcon.colcon_core.package_identification:_identify(.) by extensions ['ros']
[0.394s] Level 1:colcon.colcon_core.package_identification:_identify(.) by extension 'ros'
[0.435s] Level 1:colcon.colcon_core.package_identification:_identify(.) by extensions ['cmake', 'python']
[0.435s] Level 1:colcon.colcon_core.package_identification:_identify(.) by extension 'cmake'
[0.436s] Level 1:colcon.colcon_core.package_identification:_identify(.) by extension 'python'
[0.436s] Level 1:colcon.colcon_core.package_identification:_identify(.) by extensions ['python_setup_py']
[0.436s] Level 1:colcon.colcon_core.package_identification:_identify(.) by extension 'python_setup_py'
[0.436s] Level 1:colcon.colcon_core.package_identification:_identify(build) by extensions ['ignore', 'ignore_ament_install']
[0.436s] Level 1:colcon.colcon_core.package_identification:_identify(build) by extension 'ignore'
[0.436s] Level 1:colcon.colcon_core.package_identification:_identify(build) ignored
[0.436s] Level 1:colcon.colcon_core.package_identification:_identify(install) by extensions ['ignore', 'ignore_ament_install']
[0.436s] Level 1:colcon.colcon_core.package_identification:_identify(install) by extension 'ignore'
[0.436s] Level 1:colcon.colcon_core.package_identification:_identify(install) ignored
[0.436s] Level 1:colcon.colcon_core.package_identification:_identify(log) by extensions ['ignore', 'ignore_ament_install']
[0.436s] Level 1:colcon.colcon_core.package_identification:_identify(log) by extension 'ignore'
[0.436s] Level 1:colcon.colcon_core.package_identification:_identify(log) ignored
[0.436s] Level 1:colcon.colcon_core.package_identification:_identify(src) by extensions ['ignore', 'ignore_ament_install']
[0.436s] Level 1:colcon.colcon_core.package_identification:_identify(src) by extension 'ignore'
[0.436s] Level 1:colcon.colcon_core.package_identification:_identify(src) by extension 'ignore_ament_install'
[0.436s] Level 1:colcon.colcon_core.package_identification:_identify(src) by extensions ['ros']
[0.436s] Level 1:colcon.colcon_core.package_identification:_identify(src) by extension 'ros'
[0.436s] Level 1:colcon.colcon_core.package_identification:_identify(src) by extensions ['cmake', 'python']
[0.436s] Level 1:colcon.colcon_core.package_identification:_identify(src) by extension 'cmake'
[0.436s] Level 1:colcon.colcon_core.package_identification:_identify(src) by extension 'python'
[0.437s] Level 1:colcon.colcon_core.package_identification:_identify(src) by extensions ['python_setup_py']
[0.437s] Level 1:colcon.colcon_core.package_identification:_identify(src) by extension 'python_setup_py'
[0.437s] Level 1:colcon.colcon_core.package_identification:_identify(src/subscribe_and_publish) by extensions ['ignore', 'ignore_ament_install']
[0.437s] Level 1:colcon.colcon_core.package_identification:_identify(src/subscribe_and_publish) by extension 'ignore'
[0.437s] Level 1:colcon.colcon_core.package_identification:_identify(src/subscribe_and_publish) by extension 'ignore_ament_install'
[0.437s] Level 1:colcon.colcon_core.package_identification:_identify(src/subscribe_and_publish) by extensions ['ros']
[0.437s] Level 1:colcon.colcon_core.package_identification:_identify(src/subscribe_and_publish) by extension 'ros'
[0.440s] DEBUG:colcon.colcon_core.package_identification:Package 'src/subscribe_and_publish' with type 'ros.ament_cmake' and name 'subscribe_and_publish'
[0.440s] Level 1:colcon.colcon_core.package_discovery:discover_packages(recursive) using defaults
[0.440s] Level 1:colcon.colcon_core.package_discovery:discover_packages(path) discover
[0.440s] Level 1:colcon.colcon_core.package_discovery:discover_packages(path) using defaults
[0.475s] Level 5:colcon.colcon_core.verb:set package 'subscribe_and_publish' build argument 'cmake_args' from command line to 'None'
[0.475s] Level 5:colcon.colcon_core.verb:set package 'subscribe_and_publish' build argument 'cmake_target' from command line to 'None'
[0.475s] Level 5:colcon.colcon_core.verb:set package 'subscribe_and_publish' build argument 'cmake_target_skip_unavailable' from command line to 'False'
[0.476s] Level 5:colcon.colcon_core.verb:set package 'subscribe_and_publish' build argument 'cmake_clean_cache' from command line to 'False'
[0.476s] Level 5:colcon.colcon_core.verb:set package 'subscribe_and_publish' build argument 'cmake_clean_first' from command line to 'False'
[0.476s] Level 5:colcon.colcon_core.verb:set package 'subscribe_and_publish' build argument 'cmake_force_configure' from command line to 'False'
[0.476s] Level 5:colcon.colcon_core.verb:set package 'subscribe_and_publish' build argument 'ament_cmake_args' from command line to 'None'
[0.476s] Level 5:colcon.colcon_core.verb:set package 'subscribe_and_publish' build argument 'catkin_cmake_args' from command line to 'None'
[0.476s] Level 5:colcon.colcon_core.verb:set package 'subscribe_and_publish' build argument 'catkin_skip_building_tests' from command line to 'False'
[0.476s] DEBUG:colcon.colcon_core.verb:Building package 'subscribe_and_publish' with the following arguments: {'ament_cmake_args': None, 'build_base': '/home/yanyu/mytest_ws/build/subscribe_and_publish', 'catkin_cmake_args': None, 'catkin_skip_building_tests': False, 'cmake_args': None, 'cmake_clean_cache': False, 'cmake_clean_first': False, 'cmake_force_configure': False, 'cmake_target': None, 'cmake_target_skip_unavailable': False, 'install_base': '/home/yanyu/mytest_ws/install/subscribe_and_publish', 'merge_install': False, 'path': '/home/yanyu/mytest_ws/src/subscribe_and_publish', 'symlink_install': False, 'test_result_base': None}
[0.476s] INFO:colcon.colcon_core.executor:Executing jobs using 'sequential' executor
[0.477s] DEBUG:colcon.colcon_core.executor.sequential:run_until_complete 'subscribe_and_publish'
[0.478s] INFO:colcon.colcon_ros.task.ament_cmake.build:Building ROS package in '/home/yanyu/mytest_ws/src/subscribe_and_publish' with build type 'ament_cmake'
[0.478s] INFO:colcon.colcon_cmake.task.cmake.build:Building CMake package in '/home/yanyu/mytest_ws/src/subscribe_and_publish'
[0.480s] INFO:colcon.colcon_core.plugin_system:Skipping extension 'colcon_core.shell.bat': Not used on non-Windows systems
[0.480s] DEBUG:colcon.colcon_core.shell:Skip shell extension 'dsv' for command environment
[0.495s] DEBUG:colcon.colcon_core.event_handler.log_command:Invoking command in '/home/yanyu/mytest_ws/build/subscribe_and_publish': CMAKE_PREFIX_PATH=/opt/ros/humble /usr/bin/cmake --build /home/yanyu/mytest_ws/build/subscribe_and_publish -- -j2 -l2
[6.327s] DEBUG:colcon.colcon_core.event_handler.log_command:Invoked command in '/home/yanyu/mytest_ws/build/subscribe_and_publish' returned '0': CMAKE_PREFIX_PATH=/opt/ros/humble /usr/bin/cmake --build /home/yanyu/mytest_ws/build/subscribe_and_publish -- -j2 -l2
[6.413s] DEBUG:colcon.colcon_core.event_handler.log_command:Invoking command in '/home/yanyu/mytest_ws/build/subscribe_and_publish': CMAKE_PREFIX_PATH=/opt/ros/humble /usr/bin/cmake --install /home/yanyu/mytest_ws/build/subscribe_and_publish
[6.455s] DEBUG:colcon.colcon_core.event_handler.log_command:Invoked command in '/home/yanyu/mytest_ws/build/subscribe_and_publish' returned '0': CMAKE_PREFIX_PATH=/opt/ros/humble /usr/bin/cmake --install /home/yanyu/mytest_ws/build/subscribe_and_publish
[6.457s] Level 1:colcon.colcon_core.environment:create_environment_scripts_only(subscribe_and_publish)
[6.536s] Level 1:colcon.colcon_core.environment:checking '/home/yanyu/mytest_ws/install/subscribe_and_publish' for CMake module files
[6.539s] Level 1:colcon.colcon_core.environment:checking '/home/yanyu/mytest_ws/install/subscribe_and_publish' for CMake config files
[6.541s] Level 1:colcon.colcon_core.shell:create_environment_hook('subscribe_and_publish', 'cmake_prefix_path')
[6.542s] INFO:colcon.colcon_core.shell:Creating environment descriptor '/home/yanyu/mytest_ws/install/subscribe_and_publish/share/subscribe_and_publish/hook/cmake_prefix_path.dsv'
[6.551s] INFO:colcon.colcon_core.shell:Creating environment hook '/home/yanyu/mytest_ws/install/subscribe_and_publish/share/subscribe_and_publish/hook/cmake_prefix_path.sh'
[6.557s] Level 1:colcon.colcon_core.environment:checking '/home/yanyu/mytest_ws/install/subscribe_and_publish/lib'
[6.557s] Level 1:colcon.colcon_core.environment:checking '/home/yanyu/mytest_ws/install/subscribe_and_publish/bin'
[6.557s] Level 1:colcon.colcon_core.environment:checking '/home/yanyu/mytest_ws/install/subscribe_and_publish/lib/pkgconfig/subscribe_and_publish.pc'
[6.563s] Level 1:colcon.colcon_core.environment:checking '/home/yanyu/mytest_ws/install/subscribe_and_publish/lib/python3.10/site-packages'
[6.564s] Level 1:colcon.colcon_core.environment:checking '/home/yanyu/mytest_ws/install/subscribe_and_publish/bin'
[6.565s] INFO:colcon.colcon_core.shell:Creating package descriptor '/home/yanyu/mytest_ws/install/subscribe_and_publish/share/subscribe_and_publish/package.dsv'
[6.566s] INFO:colcon.colcon_core.shell:Creating package script '/home/yanyu/mytest_ws/install/subscribe_and_publish/share/subscribe_and_publish/package.sh'
[6.568s] Level 1:colcon.colcon_core.environment:create_file_with_runtime_dependencies(/home/yanyu/mytest_ws/install/subscribe_and_publish/share/colcon-core/packages/subscribe_and_publish)
[6.611s] Level 1:colcon.colcon_core.environment:create_environment_scripts_only(subscribe_and_publish)
[6.613s] Level 1:colcon.colcon_core.environment:checking '/home/yanyu/mytest_ws/install/subscribe_and_publish' for CMake module files
[6.613s] Level 1:colcon.colcon_core.environment:checking '/home/yanyu/mytest_ws/install/subscribe_and_publish' for CMake config files
[6.613s] Level 1:colcon.colcon_core.shell:create_environment_hook('subscribe_and_publish', 'cmake_prefix_path')
[6.614s] INFO:colcon.colcon_core.shell:Creating environment descriptor '/home/yanyu/mytest_ws/install/subscribe_and_publish/share/subscribe_and_publish/hook/cmake_prefix_path.dsv'
[6.615s] INFO:colcon.colcon_core.shell:Creating environment hook '/home/yanyu/mytest_ws/install/subscribe_and_publish/share/subscribe_and_publish/hook/cmake_prefix_path.sh'
[6.616s] Level 1:colcon.colcon_core.environment:checking '/home/yanyu/mytest_ws/install/subscribe_and_publish/lib'
[6.616s] Level 1:colcon.colcon_core.environment:checking '/home/yanyu/mytest_ws/install/subscribe_and_publish/bin'
[6.616s] Level 1:colcon.colcon_core.environment:checking '/home/yanyu/mytest_ws/install/subscribe_and_publish/lib/pkgconfig/subscribe_and_publish.pc'
[6.616s] Level 1:colcon.colcon_core.environment:checking '/home/yanyu/mytest_ws/install/subscribe_and_publish/lib/python3.10/site-packages'
[6.616s] Level 1:colcon.colcon_core.environment:checking '/home/yanyu/mytest_ws/install/subscribe_and_publish/bin'
[6.617s] INFO:colcon.colcon_core.shell:Creating package descriptor '/home/yanyu/mytest_ws/install/subscribe_and_publish/share/subscribe_and_publish/package.dsv'
[6.618s] INFO:colcon.colcon_core.shell:Creating package script '/home/yanyu/mytest_ws/install/subscribe_and_publish/share/subscribe_and_publish/package.sh'
[6.619s] Level 1:colcon.colcon_core.environment:create_file_with_runtime_dependencies(/home/yanyu/mytest_ws/install/subscribe_and_publish/share/colcon-core/packages/subscribe_and_publish)
[6.622s] DEBUG:colcon.colcon_core.executor.sequential:run_until_complete 'subscribe_and_publish' finished with '0'
[6.623s] DEBUG:colcon.colcon_core.executor.sequential:closing loop
[6.626s] DEBUG:colcon.colcon_core.executor.sequential:loop closed
[6.627s] DEBUG:colcon.colcon_core.event_reactor:joining thread
[6.628s] DEBUG:colcon.colcon_core.event_reactor:joined thread
[6.630s] INFO:colcon.colcon_core.shell:Creating prefix script '/home/yanyu/mytest_ws/install/local_setup.sh'
[6.632s] INFO:colcon.colcon_core.shell:Creating prefix util module '/home/yanyu/mytest_ws/install/_local_setup_util_sh.py'
[6.635s] INFO:colcon.colcon_core.shell:Creating prefix chain script '/home/yanyu/mytest_ws/install/setup.sh'
