[0.290s] DEBUG:colcon:Command line arguments: ['/usr/bin/colcon', 'build']
[0.290s] DEBUG:colcon:Parsed command line arguments: Namespace(log_base=None, log_level=None, verb_name='build', build_base='build', install_base='install', merge_install=False, symlink_install=False, test_result_base=None, continue_on_error=False, executor='sequential', event_handlers=None, base_paths=['.'], paths=None, cmake_args=None, cmake_target=None, cmake_target_skip_unavailable=False, cmake_clean_cache=False, cmake_clean_first=False, cmake_force_configure=False, ament_cmake_args=None, catkin_cmake_args=None, catkin_skip_building_tests=False, verb_parser=CustomArgumentParser(prog='colcon build', usage=None, description='Build a set of packages.', formatter_class=<class 'colcon_core.command.CustomFormatter'>, conflict_handler='error', add_help=True), verb_extension=<colcon_core.verb.build.BuildVerb object at 0x7fa65ecaf190>, main=<bound method BuildVerb.main of <colcon_core.verb.build.BuildVerb object at 0x7fa65ecaf190>>)
[0.328s] Level 1:colcon.colcon_core.package_discovery:discover_packages(recursive) check parameters
[0.329s] Level 1:colcon.colcon_core.package_discovery:discover_packages(path) check parameters
[0.329s] Level 1:colcon.colcon_core.package_discovery:discover_packages(recursive) discover
[0.329s] INFO:colcon.colcon_core.package_discovery:Crawling recursively for packages in '/home/yanyu/mytest_ws'
[0.329s] Level 1:colcon.colcon_core.package_identification:_identify(.) by extensions ['ignore', 'ignore_ament_install']
[0.329s] Level 1:colcon.colcon_core.package_identification:_identify(.) by extension 'ignore'
[0.329s] Level 1:colcon.colcon_core.package_identification:_identify(.) by extension 'ignore_ament_install'
[0.329s] Level 1:colcon.colcon_core.package_identification:_identify(.) by extensions ['ros']
[0.329s] Level 1:colcon.colcon_core.package_identification:_identify(.) by extension 'ros'
[0.345s] Level 1:colcon.colcon_core.package_identification:_identify(.) by extensions ['cmake', 'python']
[0.345s] Level 1:colcon.colcon_core.package_identification:_identify(.) by extension 'cmake'
[0.345s] Level 1:colcon.colcon_core.package_identification:_identify(.) by extension 'python'
[0.345s] Level 1:colcon.colcon_core.package_identification:_identify(.) by extensions ['python_setup_py']
[0.345s] Level 1:colcon.colcon_core.package_identification:_identify(.) by extension 'python_setup_py'
[0.345s] Level 1:colcon.colcon_core.package_identification:_identify(build) by extensions ['ignore', 'ignore_ament_install']
[0.345s] Level 1:colcon.colcon_core.package_identification:_identify(build) by extension 'ignore'
[0.345s] Level 1:colcon.colcon_core.package_identification:_identify(build) ignored
[0.346s] Level 1:colcon.colcon_core.package_identification:_identify(install) by extensions ['ignore', 'ignore_ament_install']
[0.346s] Level 1:colcon.colcon_core.package_identification:_identify(install) by extension 'ignore'
[0.346s] Level 1:colcon.colcon_core.package_identification:_identify(install) ignored
[0.346s] Level 1:colcon.colcon_core.package_identification:_identify(log) by extensions ['ignore', 'ignore_ament_install']
[0.346s] Level 1:colcon.colcon_core.package_identification:_identify(log) by extension 'ignore'
[0.346s] Level 1:colcon.colcon_core.package_identification:_identify(log) ignored
[0.346s] Level 1:colcon.colcon_core.package_identification:_identify(src) by extensions ['ignore', 'ignore_ament_install']
[0.346s] Level 1:colcon.colcon_core.package_identification:_identify(src) by extension 'ignore'
[0.346s] Level 1:colcon.colcon_core.package_identification:_identify(src) by extension 'ignore_ament_install'
[0.346s] Level 1:colcon.colcon_core.package_identification:_identify(src) by extensions ['ros']
[0.346s] Level 1:colcon.colcon_core.package_identification:_identify(src) by extension 'ros'
[0.346s] Level 1:colcon.colcon_core.package_identification:_identify(src) by extensions ['cmake', 'python']
[0.346s] Level 1:colcon.colcon_core.package_identification:_identify(src) by extension 'cmake'
[0.346s] Level 1:colcon.colcon_core.package_identification:_identify(src) by extension 'python'
[0.346s] Level 1:colcon.colcon_core.package_identification:_identify(src) by extensions ['python_setup_py']
[0.346s] Level 1:colcon.colcon_core.package_identification:_identify(src) by extension 'python_setup_py'
[0.347s] Level 1:colcon.colcon_core.package_identification:_identify(src/subscribe_and_publish) by extensions ['ignore', 'ignore_ament_install']
[0.347s] Level 1:colcon.colcon_core.package_identification:_identify(src/subscribe_and_publish) by extension 'ignore'
[0.347s] Level 1:colcon.colcon_core.package_identification:_identify(src/subscribe_and_publish) by extension 'ignore_ament_install'
[0.347s] Level 1:colcon.colcon_core.package_identification:_identify(src/subscribe_and_publish) by extensions ['ros']
[0.347s] Level 1:colcon.colcon_core.package_identification:_identify(src/subscribe_and_publish) by extension 'ros'
[0.350s] DEBUG:colcon.colcon_core.package_identification:Package 'src/subscribe_and_publish' with type 'ros.ament_cmake' and name 'subscribe_and_publish'
[0.350s] Level 1:colcon.colcon_core.package_discovery:discover_packages(recursive) using defaults
[0.350s] Level 1:colcon.colcon_core.package_discovery:discover_packages(path) discover
[0.350s] Level 1:colcon.colcon_core.package_discovery:discover_packages(path) using defaults
[0.382s] Level 5:colcon.colcon_core.verb:set package 'subscribe_and_publish' build argument 'cmake_args' from command line to 'None'
[0.382s] Level 5:colcon.colcon_core.verb:set package 'subscribe_and_publish' build argument 'cmake_target' from command line to 'None'
[0.382s] Level 5:colcon.colcon_core.verb:set package 'subscribe_and_publish' build argument 'cmake_target_skip_unavailable' from command line to 'False'
[0.382s] Level 5:colcon.colcon_core.verb:set package 'subscribe_and_publish' build argument 'cmake_clean_cache' from command line to 'False'
[0.382s] Level 5:colcon.colcon_core.verb:set package 'subscribe_and_publish' build argument 'cmake_clean_first' from command line to 'False'
[0.382s] Level 5:colcon.colcon_core.verb:set package 'subscribe_and_publish' build argument 'cmake_force_configure' from command line to 'False'
[0.382s] Level 5:colcon.colcon_core.verb:set package 'subscribe_and_publish' build argument 'ament_cmake_args' from command line to 'None'
[0.382s] Level 5:colcon.colcon_core.verb:set package 'subscribe_and_publish' build argument 'catkin_cmake_args' from command line to 'None'
[0.382s] Level 5:colcon.colcon_core.verb:set package 'subscribe_and_publish' build argument 'catkin_skip_building_tests' from command line to 'False'
[0.382s] DEBUG:colcon.colcon_core.verb:Building package 'subscribe_and_publish' with the following arguments: {'ament_cmake_args': None, 'build_base': '/home/yanyu/mytest_ws/build/subscribe_and_publish', 'catkin_cmake_args': None, 'catkin_skip_building_tests': False, 'cmake_args': None, 'cmake_clean_cache': False, 'cmake_clean_first': False, 'cmake_force_configure': False, 'cmake_target': None, 'cmake_target_skip_unavailable': False, 'install_base': '/home/yanyu/mytest_ws/install/subscribe_and_publish', 'merge_install': False, 'path': '/home/yanyu/mytest_ws/src/subscribe_and_publish', 'symlink_install': False, 'test_result_base': None}
[0.382s] INFO:colcon.colcon_core.executor:Executing jobs using 'sequential' executor
[0.384s] DEBUG:colcon.colcon_core.executor.sequential:run_until_complete 'subscribe_and_publish'
[0.385s] INFO:colcon.colcon_ros.task.ament_cmake.build:Building ROS package in '/home/yanyu/mytest_ws/src/subscribe_and_publish' with build type 'ament_cmake'
[0.385s] INFO:colcon.colcon_cmake.task.cmake.build:Building CMake package in '/home/yanyu/mytest_ws/src/subscribe_and_publish'
[0.387s] INFO:colcon.colcon_core.plugin_system:Skipping extension 'colcon_core.shell.bat': Not used on non-Windows systems
[0.387s] DEBUG:colcon.colcon_core.shell:Skip shell extension 'dsv' for command environment
[0.402s] DEBUG:colcon.colcon_core.event_handler.log_command:Invoking command in '/home/yanyu/mytest_ws/build/subscribe_and_publish': CMAKE_PREFIX_PATH=/opt/ros/humble /usr/bin/cmake --build /home/yanyu/mytest_ws/build/subscribe_and_publish -- -j2 -l2
[9.308s] DEBUG:colcon.colcon_core.event_handler.log_command:Invoked command in '/home/yanyu/mytest_ws/build/subscribe_and_publish' returned '0': CMAKE_PREFIX_PATH=/opt/ros/humble /usr/bin/cmake --build /home/yanyu/mytest_ws/build/subscribe_and_publish -- -j2 -l2
[9.393s] DEBUG:colcon.colcon_core.event_handler.log_command:Invoking command in '/home/yanyu/mytest_ws/build/subscribe_and_publish': CMAKE_PREFIX_PATH=/opt/ros/humble /usr/bin/cmake --install /home/yanyu/mytest_ws/build/subscribe_and_publish
[9.426s] DEBUG:colcon.colcon_core.event_handler.log_command:Invoked command in '/home/yanyu/mytest_ws/build/subscribe_and_publish' returned '0': CMAKE_PREFIX_PATH=/opt/ros/humble /usr/bin/cmake --install /home/yanyu/mytest_ws/build/subscribe_and_publish
[9.430s] Level 1:colcon.colcon_core.environment:create_environment_scripts_only(subscribe_and_publish)
[9.542s] Level 1:colcon.colcon_core.environment:checking '/home/yanyu/mytest_ws/install/subscribe_and_publish' for CMake module files
[9.548s] Level 1:colcon.colcon_core.environment:checking '/home/yanyu/mytest_ws/install/subscribe_and_publish' for CMake config files
[9.551s] Level 1:colcon.colcon_core.shell:create_environment_hook('subscribe_and_publish', 'cmake_prefix_path')
[9.553s] INFO:colcon.colcon_core.shell:Creating environment descriptor '/home/yanyu/mytest_ws/install/subscribe_and_publish/share/subscribe_and_publish/hook/cmake_prefix_path.dsv'
[9.562s] INFO:colcon.colcon_core.shell:Creating environment hook '/home/yanyu/mytest_ws/install/subscribe_and_publish/share/subscribe_and_publish/hook/cmake_prefix_path.sh'
[9.571s] Level 1:colcon.colcon_core.environment:checking '/home/yanyu/mytest_ws/install/subscribe_and_publish/lib'
[9.572s] Level 1:colcon.colcon_core.environment:checking '/home/yanyu/mytest_ws/install/subscribe_and_publish/bin'
[9.572s] Level 1:colcon.colcon_core.environment:checking '/home/yanyu/mytest_ws/install/subscribe_and_publish/lib/pkgconfig/subscribe_and_publish.pc'
[9.586s] Level 1:colcon.colcon_core.environment:checking '/home/yanyu/mytest_ws/install/subscribe_and_publish/lib/python3.10/site-packages'
[9.586s] Level 1:colcon.colcon_core.environment:checking '/home/yanyu/mytest_ws/install/subscribe_and_publish/bin'
[9.587s] INFO:colcon.colcon_core.shell:Creating package descriptor '/home/yanyu/mytest_ws/install/subscribe_and_publish/share/subscribe_and_publish/package.dsv'
[9.589s] INFO:colcon.colcon_core.shell:Creating package script '/home/yanyu/mytest_ws/install/subscribe_and_publish/share/subscribe_and_publish/package.sh'
[9.592s] Level 1:colcon.colcon_core.environment:create_file_with_runtime_dependencies(/home/yanyu/mytest_ws/install/subscribe_and_publish/share/colcon-core/packages/subscribe_and_publish)
[9.626s] Level 1:colcon.colcon_core.environment:create_environment_scripts_only(subscribe_and_publish)
[9.628s] Level 1:colcon.colcon_core.environment:checking '/home/yanyu/mytest_ws/install/subscribe_and_publish' for CMake module files
[9.628s] Level 1:colcon.colcon_core.environment:checking '/home/yanyu/mytest_ws/install/subscribe_and_publish' for CMake config files
[9.628s] Level 1:colcon.colcon_core.shell:create_environment_hook('subscribe_and_publish', 'cmake_prefix_path')
[9.629s] INFO:colcon.colcon_core.shell:Creating environment descriptor '/home/yanyu/mytest_ws/install/subscribe_and_publish/share/subscribe_and_publish/hook/cmake_prefix_path.dsv'
[9.630s] INFO:colcon.colcon_core.shell:Creating environment hook '/home/yanyu/mytest_ws/install/subscribe_and_publish/share/subscribe_and_publish/hook/cmake_prefix_path.sh'
[9.630s] Level 1:colcon.colcon_core.environment:checking '/home/yanyu/mytest_ws/install/subscribe_and_publish/lib'
[9.631s] Level 1:colcon.colcon_core.environment:checking '/home/yanyu/mytest_ws/install/subscribe_and_publish/bin'
[9.631s] Level 1:colcon.colcon_core.environment:checking '/home/yanyu/mytest_ws/install/subscribe_and_publish/lib/pkgconfig/subscribe_and_publish.pc'
[9.631s] Level 1:colcon.colcon_core.environment:checking '/home/yanyu/mytest_ws/install/subscribe_and_publish/lib/python3.10/site-packages'
[9.631s] Level 1:colcon.colcon_core.environment:checking '/home/yanyu/mytest_ws/install/subscribe_and_publish/bin'
[9.632s] INFO:colcon.colcon_core.shell:Creating package descriptor '/home/yanyu/mytest_ws/install/subscribe_and_publish/share/subscribe_and_publish/package.dsv'
[9.632s] INFO:colcon.colcon_core.shell:Creating package script '/home/yanyu/mytest_ws/install/subscribe_and_publish/share/subscribe_and_publish/package.sh'
[9.633s] Level 1:colcon.colcon_core.environment:create_file_with_runtime_dependencies(/home/yanyu/mytest_ws/install/subscribe_and_publish/share/colcon-core/packages/subscribe_and_publish)
[9.636s] DEBUG:colcon.colcon_core.executor.sequential:run_until_complete 'subscribe_and_publish' finished with '0'
[9.637s] DEBUG:colcon.colcon_core.executor.sequential:closing loop
[9.639s] DEBUG:colcon.colcon_core.executor.sequential:loop closed
[9.641s] DEBUG:colcon.colcon_core.event_reactor:joining thread
[9.642s] DEBUG:colcon.colcon_core.event_reactor:joined thread
[9.644s] INFO:colcon.colcon_core.shell:Creating prefix script '/home/yanyu/mytest_ws/install/local_setup.sh'
[9.646s] INFO:colcon.colcon_core.shell:Creating prefix util module '/home/yanyu/mytest_ws/install/_local_setup_util_sh.py'
[9.649s] INFO:colcon.colcon_core.shell:Creating prefix chain script '/home/yanyu/mytest_ws/install/setup.sh'
