[0.540s] DEBUG:colcon:Command line arguments: ['/usr/bin/colcon', 'build']
[0.541s] DEBUG:colcon:Parsed command line arguments: Namespace(log_base=None, log_level=None, verb_name='build', build_base='build', install_base='install', merge_install=False, symlink_install=False, test_result_base=None, continue_on_error=False, executor='sequential', event_handlers=None, base_paths=['.'], paths=None, cmake_args=None, cmake_target=None, cmake_target_skip_unavailable=False, cmake_clean_cache=False, cmake_clean_first=False, cmake_force_configure=False, ament_cmake_args=None, catkin_cmake_args=None, catkin_skip_building_tests=False, verb_parser=CustomArgumentParser(prog='colcon build', usage=None, description='Build a set of packages.', formatter_class=<class 'colcon_core.command.CustomFormatter'>, conflict_handler='error', add_help=True), verb_extension=<colcon_core.verb.build.BuildVerb object at 0x7f893577b1f0>, main=<bound method BuildVerb.main of <colcon_core.verb.build.BuildVerb object at 0x7f893577b1f0>>)
[0.640s] Level 1:colcon.colcon_core.package_discovery:discover_packages(recursive) check parameters
[0.640s] Level 1:colcon.colcon_core.package_discovery:discover_packages(path) check parameters
[0.640s] Level 1:colcon.colcon_core.package_discovery:discover_packages(recursive) discover
[0.640s] INFO:colcon.colcon_core.package_discovery:Crawling recursively for packages in '/home/yanyu/mytest_ws'
[0.640s] Level 1:colcon.colcon_core.package_identification:_identify(.) by extensions ['ignore', 'ignore_ament_install']
[0.640s] Level 1:colcon.colcon_core.package_identification:_identify(.) by extension 'ignore'
[0.640s] Level 1:colcon.colcon_core.package_identification:_identify(.) by extension 'ignore_ament_install'
[0.640s] Level 1:colcon.colcon_core.package_identification:_identify(.) by extensions ['ros']
[0.640s] Level 1:colcon.colcon_core.package_identification:_identify(.) by extension 'ros'
[0.661s] Level 1:colcon.colcon_core.package_identification:_identify(.) by extensions ['cmake', 'python']
[0.661s] Level 1:colcon.colcon_core.package_identification:_identify(.) by extension 'cmake'
[0.662s] Level 1:colcon.colcon_core.package_identification:_identify(.) by extension 'python'
[0.662s] Level 1:colcon.colcon_core.package_identification:_identify(.) by extensions ['python_setup_py']
[0.662s] Level 1:colcon.colcon_core.package_identification:_identify(.) by extension 'python_setup_py'
[0.662s] Level 1:colcon.colcon_core.package_identification:_identify(build) by extensions ['ignore', 'ignore_ament_install']
[0.662s] Level 1:colcon.colcon_core.package_identification:_identify(build) by extension 'ignore'
[0.662s] Level 1:colcon.colcon_core.package_identification:_identify(build) ignored
[0.662s] Level 1:colcon.colcon_core.package_identification:_identify(install) by extensions ['ignore', 'ignore_ament_install']
[0.662s] Level 1:colcon.colcon_core.package_identification:_identify(install) by extension 'ignore'
[0.662s] Level 1:colcon.colcon_core.package_identification:_identify(install) ignored
[0.662s] Level 1:colcon.colcon_core.package_identification:_identify(log) by extensions ['ignore', 'ignore_ament_install']
[0.662s] Level 1:colcon.colcon_core.package_identification:_identify(log) by extension 'ignore'
[0.662s] Level 1:colcon.colcon_core.package_identification:_identify(log) ignored
[0.663s] Level 1:colcon.colcon_core.package_identification:_identify(logs) by extensions ['ignore', 'ignore_ament_install']
[0.663s] Level 1:colcon.colcon_core.package_identification:_identify(logs) by extension 'ignore'
[0.663s] Level 1:colcon.colcon_core.package_identification:_identify(logs) by extension 'ignore_ament_install'
[0.663s] Level 1:colcon.colcon_core.package_identification:_identify(logs) by extensions ['ros']
[0.663s] Level 1:colcon.colcon_core.package_identification:_identify(logs) by extension 'ros'
[0.664s] Level 1:colcon.colcon_core.package_identification:_identify(logs) by extensions ['cmake', 'python']
[0.664s] Level 1:colcon.colcon_core.package_identification:_identify(logs) by extension 'cmake'
[0.664s] Level 1:colcon.colcon_core.package_identification:_identify(logs) by extension 'python'
[0.664s] Level 1:colcon.colcon_core.package_identification:_identify(logs) by extensions ['python_setup_py']
[0.664s] Level 1:colcon.colcon_core.package_identification:_identify(logs) by extension 'python_setup_py'
[0.665s] Level 1:colcon.colcon_core.package_identification:_identify(logs/2023_09_13_13_42_40) by extensions ['ignore', 'ignore_ament_install']
[0.665s] Level 1:colcon.colcon_core.package_identification:_identify(logs/2023_09_13_13_42_40) by extension 'ignore'
[0.665s] Level 1:colcon.colcon_core.package_identification:_identify(logs/2023_09_13_13_42_40) by extension 'ignore_ament_install'
[0.666s] Level 1:colcon.colcon_core.package_identification:_identify(logs/2023_09_13_13_42_40) by extensions ['ros']
[0.666s] Level 1:colcon.colcon_core.package_identification:_identify(logs/2023_09_13_13_42_40) by extension 'ros'
[0.666s] Level 1:colcon.colcon_core.package_identification:_identify(logs/2023_09_13_13_42_40) by extensions ['cmake', 'python']
[0.666s] Level 1:colcon.colcon_core.package_identification:_identify(logs/2023_09_13_13_42_40) by extension 'cmake'
[0.666s] Level 1:colcon.colcon_core.package_identification:_identify(logs/2023_09_13_13_42_40) by extension 'python'
[0.666s] Level 1:colcon.colcon_core.package_identification:_identify(logs/2023_09_13_13_42_40) by extensions ['python_setup_py']
[0.666s] Level 1:colcon.colcon_core.package_identification:_identify(logs/2023_09_13_13_42_40) by extension 'python_setup_py'
[0.667s] Level 1:colcon.colcon_core.package_identification:_identify(logs/2023_09_13_16_19_45) by extensions ['ignore', 'ignore_ament_install']
[0.667s] Level 1:colcon.colcon_core.package_identification:_identify(logs/2023_09_13_16_19_45) by extension 'ignore'
[0.667s] Level 1:colcon.colcon_core.package_identification:_identify(logs/2023_09_13_16_19_45) by extension 'ignore_ament_install'
[0.667s] Level 1:colcon.colcon_core.package_identification:_identify(logs/2023_09_13_16_19_45) by extensions ['ros']
[0.667s] Level 1:colcon.colcon_core.package_identification:_identify(logs/2023_09_13_16_19_45) by extension 'ros'
[0.667s] Level 1:colcon.colcon_core.package_identification:_identify(logs/2023_09_13_16_19_45) by extensions ['cmake', 'python']
[0.667s] Level 1:colcon.colcon_core.package_identification:_identify(logs/2023_09_13_16_19_45) by extension 'cmake'
[0.668s] Level 1:colcon.colcon_core.package_identification:_identify(logs/2023_09_13_16_19_45) by extension 'python'
[0.668s] Level 1:colcon.colcon_core.package_identification:_identify(logs/2023_09_13_16_19_45) by extensions ['python_setup_py']
[0.668s] Level 1:colcon.colcon_core.package_identification:_identify(logs/2023_09_13_16_19_45) by extension 'python_setup_py'
[0.669s] Level 1:colcon.colcon_core.package_identification:_identify(logs2) by extensions ['ignore', 'ignore_ament_install']
[0.669s] Level 1:colcon.colcon_core.package_identification:_identify(logs2) by extension 'ignore'
[0.669s] Level 1:colcon.colcon_core.package_identification:_identify(logs2) by extension 'ignore_ament_install'
[0.669s] Level 1:colcon.colcon_core.package_identification:_identify(logs2) by extensions ['ros']
[0.669s] Level 1:colcon.colcon_core.package_identification:_identify(logs2) by extension 'ros'
[0.670s] Level 1:colcon.colcon_core.package_identification:_identify(logs2) by extensions ['cmake', 'python']
[0.670s] Level 1:colcon.colcon_core.package_identification:_identify(logs2) by extension 'cmake'
[0.670s] Level 1:colcon.colcon_core.package_identification:_identify(logs2) by extension 'python'
[0.670s] Level 1:colcon.colcon_core.package_identification:_identify(logs2) by extensions ['python_setup_py']
[0.670s] Level 1:colcon.colcon_core.package_identification:_identify(logs2) by extension 'python_setup_py'
[0.671s] Level 1:colcon.colcon_core.package_identification:_identify(logs2/2023_09_14_09_07_46) by extensions ['ignore', 'ignore_ament_install']
[0.671s] Level 1:colcon.colcon_core.package_identification:_identify(logs2/2023_09_14_09_07_46) by extension 'ignore'
[0.671s] Level 1:colcon.colcon_core.package_identification:_identify(logs2/2023_09_14_09_07_46) by extension 'ignore_ament_install'
[0.671s] Level 1:colcon.colcon_core.package_identification:_identify(logs2/2023_09_14_09_07_46) by extensions ['ros']
[0.671s] Level 1:colcon.colcon_core.package_identification:_identify(logs2/2023_09_14_09_07_46) by extension 'ros'
[0.671s] Level 1:colcon.colcon_core.package_identification:_identify(logs2/2023_09_14_09_07_46) by extensions ['cmake', 'python']
[0.671s] Level 1:colcon.colcon_core.package_identification:_identify(logs2/2023_09_14_09_07_46) by extension 'cmake'
[0.671s] Level 1:colcon.colcon_core.package_identification:_identify(logs2/2023_09_14_09_07_46) by extension 'python'
[0.671s] Level 1:colcon.colcon_core.package_identification:_identify(logs2/2023_09_14_09_07_46) by extensions ['python_setup_py']
[0.671s] Level 1:colcon.colcon_core.package_identification:_identify(logs2/2023_09_14_09_07_46) by extension 'python_setup_py'
[0.672s] Level 1:colcon.colcon_core.package_identification:_identify(logs2/2023_09_14_09_10_56) by extensions ['ignore', 'ignore_ament_install']
[0.672s] Level 1:colcon.colcon_core.package_identification:_identify(logs2/2023_09_14_09_10_56) by extension 'ignore'
[0.672s] Level 1:colcon.colcon_core.package_identification:_identify(logs2/2023_09_14_09_10_56) by extension 'ignore_ament_install'
[0.672s] Level 1:colcon.colcon_core.package_identification:_identify(logs2/2023_09_14_09_10_56) by extensions ['ros']
[0.672s] Level 1:colcon.colcon_core.package_identification:_identify(logs2/2023_09_14_09_10_56) by extension 'ros'
[0.672s] Level 1:colcon.colcon_core.package_identification:_identify(logs2/2023_09_14_09_10_56) by extensions ['cmake', 'python']
[0.672s] Level 1:colcon.colcon_core.package_identification:_identify(logs2/2023_09_14_09_10_56) by extension 'cmake'
[0.672s] Level 1:colcon.colcon_core.package_identification:_identify(logs2/2023_09_14_09_10_56) by extension 'python'
[0.672s] Level 1:colcon.colcon_core.package_identification:_identify(logs2/2023_09_14_09_10_56) by extensions ['python_setup_py']
[0.672s] Level 1:colcon.colcon_core.package_identification:_identify(logs2/2023_09_14_09_10_56) by extension 'python_setup_py'
[0.672s] Level 1:colcon.colcon_core.package_identification:_identify(src) by extensions ['ignore', 'ignore_ament_install']
[0.672s] Level 1:colcon.colcon_core.package_identification:_identify(src) by extension 'ignore'
[0.673s] Level 1:colcon.colcon_core.package_identification:_identify(src) by extension 'ignore_ament_install'
[0.673s] Level 1:colcon.colcon_core.package_identification:_identify(src) by extensions ['ros']
[0.673s] Level 1:colcon.colcon_core.package_identification:_identify(src) by extension 'ros'
[0.673s] Level 1:colcon.colcon_core.package_identification:_identify(src) by extensions ['cmake', 'python']
[0.673s] Level 1:colcon.colcon_core.package_identification:_identify(src) by extension 'cmake'
[0.673s] Level 1:colcon.colcon_core.package_identification:_identify(src) by extension 'python'
[0.673s] Level 1:colcon.colcon_core.package_identification:_identify(src) by extensions ['python_setup_py']
[0.673s] Level 1:colcon.colcon_core.package_identification:_identify(src) by extension 'python_setup_py'
[0.673s] Level 1:colcon.colcon_core.package_identification:_identify(src/subscribe_and_publish) by extensions ['ignore', 'ignore_ament_install']
[0.673s] Level 1:colcon.colcon_core.package_identification:_identify(src/subscribe_and_publish) by extension 'ignore'
[0.673s] Level 1:colcon.colcon_core.package_identification:_identify(src/subscribe_and_publish) by extension 'ignore_ament_install'
[0.673s] Level 1:colcon.colcon_core.package_identification:_identify(src/subscribe_and_publish) by extensions ['ros']
[0.673s] Level 1:colcon.colcon_core.package_identification:_identify(src/subscribe_and_publish) by extension 'ros'
[0.681s] DEBUG:colcon.colcon_core.package_identification:Package 'src/subscribe_and_publish' with type 'ros.ament_cmake' and name 'subscribe_and_publish'
[0.681s] Level 1:colcon.colcon_core.package_discovery:discover_packages(recursive) using defaults
[0.681s] Level 1:colcon.colcon_core.package_discovery:discover_packages(path) discover
[0.681s] Level 1:colcon.colcon_core.package_discovery:discover_packages(path) using defaults
[0.754s] Level 5:colcon.colcon_core.verb:set package 'subscribe_and_publish' build argument 'cmake_args' from command line to 'None'
[0.754s] Level 5:colcon.colcon_core.verb:set package 'subscribe_and_publish' build argument 'cmake_target' from command line to 'None'
[0.754s] Level 5:colcon.colcon_core.verb:set package 'subscribe_and_publish' build argument 'cmake_target_skip_unavailable' from command line to 'False'
[0.754s] Level 5:colcon.colcon_core.verb:set package 'subscribe_and_publish' build argument 'cmake_clean_cache' from command line to 'False'
[0.754s] Level 5:colcon.colcon_core.verb:set package 'subscribe_and_publish' build argument 'cmake_clean_first' from command line to 'False'
[0.754s] Level 5:colcon.colcon_core.verb:set package 'subscribe_and_publish' build argument 'cmake_force_configure' from command line to 'False'
[0.754s] Level 5:colcon.colcon_core.verb:set package 'subscribe_and_publish' build argument 'ament_cmake_args' from command line to 'None'
[0.754s] Level 5:colcon.colcon_core.verb:set package 'subscribe_and_publish' build argument 'catkin_cmake_args' from command line to 'None'
[0.754s] Level 5:colcon.colcon_core.verb:set package 'subscribe_and_publish' build argument 'catkin_skip_building_tests' from command line to 'False'
[0.755s] DEBUG:colcon.colcon_core.verb:Building package 'subscribe_and_publish' with the following arguments: {'ament_cmake_args': None, 'build_base': '/home/yanyu/mytest_ws/build/subscribe_and_publish', 'catkin_cmake_args': None, 'catkin_skip_building_tests': False, 'cmake_args': None, 'cmake_clean_cache': False, 'cmake_clean_first': False, 'cmake_force_configure': False, 'cmake_target': None, 'cmake_target_skip_unavailable': False, 'install_base': '/home/yanyu/mytest_ws/install/subscribe_and_publish', 'merge_install': False, 'path': '/home/yanyu/mytest_ws/src/subscribe_and_publish', 'symlink_install': False, 'test_result_base': None}
[0.755s] INFO:colcon.colcon_core.executor:Executing jobs using 'sequential' executor
[0.757s] DEBUG:colcon.colcon_core.executor.sequential:run_until_complete 'subscribe_and_publish'
[0.757s] INFO:colcon.colcon_ros.task.ament_cmake.build:Building ROS package in '/home/yanyu/mytest_ws/src/subscribe_and_publish' with build type 'ament_cmake'
[0.757s] INFO:colcon.colcon_cmake.task.cmake.build:Building CMake package in '/home/yanyu/mytest_ws/src/subscribe_and_publish'
[0.763s] INFO:colcon.colcon_core.plugin_system:Skipping extension 'colcon_core.shell.bat': Not used on non-Windows systems
[0.763s] DEBUG:colcon.colcon_core.shell:Skip shell extension 'dsv' for command environment
[0.798s] DEBUG:colcon.colcon_core.event_handler.log_command:Invoking command in '/home/yanyu/mytest_ws/build/subscribe_and_publish': CMAKE_PREFIX_PATH=/opt/ros/humble /usr/local/bin/cmake --build /home/yanyu/mytest_ws/build/subscribe_and_publish -- -j2 -l2
[7.396s] DEBUG:colcon.colcon_core.event_handler.log_command:Invoked command in '/home/yanyu/mytest_ws/build/subscribe_and_publish' returned '0': CMAKE_PREFIX_PATH=/opt/ros/humble /usr/local/bin/cmake --build /home/yanyu/mytest_ws/build/subscribe_and_publish -- -j2 -l2
[7.454s] DEBUG:colcon.colcon_core.event_handler.log_command:Invoking command in '/home/yanyu/mytest_ws/build/subscribe_and_publish': CMAKE_PREFIX_PATH=/opt/ros/humble /usr/local/bin/cmake --install /home/yanyu/mytest_ws/build/subscribe_and_publish
[7.504s] Level 1:colcon.colcon_core.environment:create_environment_scripts_only(subscribe_and_publish)
[7.506s] DEBUG:colcon.colcon_core.event_handler.log_command:Invoked command in '/home/yanyu/mytest_ws/build/subscribe_and_publish' returned '0': CMAKE_PREFIX_PATH=/opt/ros/humble /usr/local/bin/cmake --install /home/yanyu/mytest_ws/build/subscribe_and_publish
[7.546s] Level 1:colcon.colcon_core.environment:checking '/home/yanyu/mytest_ws/install/subscribe_and_publish' for CMake module files
[7.547s] Level 1:colcon.colcon_core.environment:checking '/home/yanyu/mytest_ws/install/subscribe_and_publish' for CMake config files
[7.553s] Level 1:colcon.colcon_core.shell:create_environment_hook('subscribe_and_publish', 'cmake_prefix_path')
[7.555s] INFO:colcon.colcon_core.shell:Creating environment descriptor '/home/yanyu/mytest_ws/install/subscribe_and_publish/share/subscribe_and_publish/hook/cmake_prefix_path.dsv'
[7.558s] INFO:colcon.colcon_core.shell:Creating environment hook '/home/yanyu/mytest_ws/install/subscribe_and_publish/share/subscribe_and_publish/hook/cmake_prefix_path.sh'
[7.562s] Level 1:colcon.colcon_core.environment:checking '/home/yanyu/mytest_ws/install/subscribe_and_publish/lib'
[7.562s] Level 1:colcon.colcon_core.environment:checking '/home/yanyu/mytest_ws/install/subscribe_and_publish/bin'
[7.562s] Level 1:colcon.colcon_core.environment:checking '/home/yanyu/mytest_ws/install/subscribe_and_publish/lib/pkgconfig/subscribe_and_publish.pc'
[7.567s] Level 1:colcon.colcon_core.environment:checking '/home/yanyu/mytest_ws/install/subscribe_and_publish/lib/python3.10/site-packages'
[7.567s] Level 1:colcon.colcon_core.environment:checking '/home/yanyu/mytest_ws/install/subscribe_and_publish/bin'
[7.569s] INFO:colcon.colcon_core.shell:Creating package descriptor '/home/yanyu/mytest_ws/install/subscribe_and_publish/share/subscribe_and_publish/package.dsv'
[7.573s] INFO:colcon.colcon_core.shell:Creating package script '/home/yanyu/mytest_ws/install/subscribe_and_publish/share/subscribe_and_publish/package.sh'
[7.575s] Level 1:colcon.colcon_core.environment:create_file_with_runtime_dependencies(/home/yanyu/mytest_ws/install/subscribe_and_publish/share/colcon-core/packages/subscribe_and_publish)
[7.634s] Level 1:colcon.colcon_core.environment:create_environment_scripts_only(subscribe_and_publish)
[7.636s] Level 1:colcon.colcon_core.environment:checking '/home/yanyu/mytest_ws/install/subscribe_and_publish' for CMake module files
[7.636s] Level 1:colcon.colcon_core.environment:checking '/home/yanyu/mytest_ws/install/subscribe_and_publish' for CMake config files
[7.637s] Level 1:colcon.colcon_core.shell:create_environment_hook('subscribe_and_publish', 'cmake_prefix_path')
[7.638s] INFO:colcon.colcon_core.shell:Creating environment descriptor '/home/yanyu/mytest_ws/install/subscribe_and_publish/share/subscribe_and_publish/hook/cmake_prefix_path.dsv'
[7.639s] INFO:colcon.colcon_core.shell:Creating environment hook '/home/yanyu/mytest_ws/install/subscribe_and_publish/share/subscribe_and_publish/hook/cmake_prefix_path.sh'
[7.640s] Level 1:colcon.colcon_core.environment:checking '/home/yanyu/mytest_ws/install/subscribe_and_publish/lib'
[7.640s] Level 1:colcon.colcon_core.environment:checking '/home/yanyu/mytest_ws/install/subscribe_and_publish/bin'
[7.640s] Level 1:colcon.colcon_core.environment:checking '/home/yanyu/mytest_ws/install/subscribe_and_publish/lib/pkgconfig/subscribe_and_publish.pc'
[7.640s] Level 1:colcon.colcon_core.environment:checking '/home/yanyu/mytest_ws/install/subscribe_and_publish/lib/python3.10/site-packages'
[7.641s] Level 1:colcon.colcon_core.environment:checking '/home/yanyu/mytest_ws/install/subscribe_and_publish/bin'
[7.641s] INFO:colcon.colcon_core.shell:Creating package descriptor '/home/yanyu/mytest_ws/install/subscribe_and_publish/share/subscribe_and_publish/package.dsv'
[7.642s] INFO:colcon.colcon_core.shell:Creating package script '/home/yanyu/mytest_ws/install/subscribe_and_publish/share/subscribe_and_publish/package.sh'
[7.643s] Level 1:colcon.colcon_core.environment:create_file_with_runtime_dependencies(/home/yanyu/mytest_ws/install/subscribe_and_publish/share/colcon-core/packages/subscribe_and_publish)
[7.644s] DEBUG:colcon.colcon_core.executor.sequential:run_until_complete 'subscribe_and_publish' finished with '0'
[7.644s] DEBUG:colcon.colcon_core.executor.sequential:closing loop
[7.644s] DEBUG:colcon.colcon_core.executor.sequential:loop closed
[7.644s] DEBUG:colcon.colcon_core.event_reactor:joining thread
[7.645s] DEBUG:colcon.colcon_core.event_reactor:joined thread
[7.645s] INFO:colcon.colcon_core.shell:Creating prefix script '/home/yanyu/mytest_ws/install/local_setup.sh'
[7.650s] INFO:colcon.colcon_core.shell:Creating prefix util module '/home/yanyu/mytest_ws/install/_local_setup_util_sh.py'
[7.652s] INFO:colcon.colcon_core.shell:Creating prefix chain script '/home/yanyu/mytest_ws/install/setup.sh'
