[0.382s] DEBUG:colcon:Command line arguments: ['/usr/bin/colcon', 'build']
[0.382s] DEBUG:colcon:Parsed command line arguments: Namespace(log_base=None, log_level=None, verb_name='build', build_base='build', install_base='install', merge_install=False, symlink_install=False, test_result_base=None, continue_on_error=False, executor='sequential', event_handlers=None, base_paths=['.'], paths=None, cmake_args=None, cmake_target=None, cmake_target_skip_unavailable=False, cmake_clean_cache=False, cmake_clean_first=False, cmake_force_configure=False, ament_cmake_args=None, catkin_cmake_args=None, catkin_skip_building_tests=False, verb_parser=CustomArgumentParser(prog='colcon build', usage=None, description='Build a set of packages.', formatter_class=<class 'colcon_core.command.CustomFormatter'>, conflict_handler='error', add_help=True), verb_extension=<colcon_core.verb.build.BuildVerb object at 0x7f8ce912e110>, main=<bound method BuildVerb.main of <colcon_core.verb.build.BuildVerb object at 0x7f8ce912e110>>)
[0.473s] Level 1:colcon.colcon_core.package_discovery:discover_packages(recursive) check parameters
[0.473s] Level 1:colcon.colcon_core.package_discovery:discover_packages(path) check parameters
[0.473s] Level 1:colcon.colcon_core.package_discovery:discover_packages(recursive) discover
[0.473s] INFO:colcon.colcon_core.package_discovery:Crawling recursively for packages in '/home/yanyu/mytest_ws'
[0.473s] Level 1:colcon.colcon_core.package_identification:_identify(.) by extensions ['ignore', 'ignore_ament_install']
[0.473s] Level 1:colcon.colcon_core.package_identification:_identify(.) by extension 'ignore'
[0.473s] Level 1:colcon.colcon_core.package_identification:_identify(.) by extension 'ignore_ament_install'
[0.473s] Level 1:colcon.colcon_core.package_identification:_identify(.) by extensions ['ros']
[0.473s] Level 1:colcon.colcon_core.package_identification:_identify(.) by extension 'ros'
[0.502s] Level 1:colcon.colcon_core.package_identification:_identify(.) by extensions ['cmake', 'python']
[0.502s] Level 1:colcon.colcon_core.package_identification:_identify(.) by extension 'cmake'
[0.502s] Level 1:colcon.colcon_core.package_identification:_identify(.) by extension 'python'
[0.502s] Level 1:colcon.colcon_core.package_identification:_identify(.) by extensions ['python_setup_py']
[0.502s] Level 1:colcon.colcon_core.package_identification:_identify(.) by extension 'python_setup_py'
[0.502s] Level 1:colcon.colcon_core.package_identification:_identify(build) by extensions ['ignore', 'ignore_ament_install']
[0.503s] Level 1:colcon.colcon_core.package_identification:_identify(build) by extension 'ignore'
[0.503s] Level 1:colcon.colcon_core.package_identification:_identify(build) ignored
[0.503s] Level 1:colcon.colcon_core.package_identification:_identify(install) by extensions ['ignore', 'ignore_ament_install']
[0.504s] Level 1:colcon.colcon_core.package_identification:_identify(install) by extension 'ignore'
[0.504s] Level 1:colcon.colcon_core.package_identification:_identify(install) ignored
[0.504s] Level 1:colcon.colcon_core.package_identification:_identify(log) by extensions ['ignore', 'ignore_ament_install']
[0.504s] Level 1:colcon.colcon_core.package_identification:_identify(log) by extension 'ignore'
[0.504s] Level 1:colcon.colcon_core.package_identification:_identify(log) ignored
[0.504s] Level 1:colcon.colcon_core.package_identification:_identify(src) by extensions ['ignore', 'ignore_ament_install']
[0.504s] Level 1:colcon.colcon_core.package_identification:_identify(src) by extension 'ignore'
[0.504s] Level 1:colcon.colcon_core.package_identification:_identify(src) by extension 'ignore_ament_install'
[0.504s] Level 1:colcon.colcon_core.package_identification:_identify(src) by extensions ['ros']
[0.504s] Level 1:colcon.colcon_core.package_identification:_identify(src) by extension 'ros'
[0.504s] Level 1:colcon.colcon_core.package_identification:_identify(src) by extensions ['cmake', 'python']
[0.505s] Level 1:colcon.colcon_core.package_identification:_identify(src) by extension 'cmake'
[0.505s] Level 1:colcon.colcon_core.package_identification:_identify(src) by extension 'python'
[0.505s] Level 1:colcon.colcon_core.package_identification:_identify(src) by extensions ['python_setup_py']
[0.505s] Level 1:colcon.colcon_core.package_identification:_identify(src) by extension 'python_setup_py'
[0.505s] Level 1:colcon.colcon_core.package_identification:_identify(src/subscribe_and_publish) by extensions ['ignore', 'ignore_ament_install']
[0.505s] Level 1:colcon.colcon_core.package_identification:_identify(src/subscribe_and_publish) by extension 'ignore'
[0.505s] Level 1:colcon.colcon_core.package_identification:_identify(src/subscribe_and_publish) by extension 'ignore_ament_install'
[0.505s] Level 1:colcon.colcon_core.package_identification:_identify(src/subscribe_and_publish) by extensions ['ros']
[0.505s] Level 1:colcon.colcon_core.package_identification:_identify(src/subscribe_and_publish) by extension 'ros'
[0.514s] DEBUG:colcon.colcon_core.package_identification:Package 'src/subscribe_and_publish' with type 'ros.ament_cmake' and name 'subscribe_and_publish'
[0.514s] Level 1:colcon.colcon_core.package_discovery:discover_packages(recursive) using defaults
[0.515s] Level 1:colcon.colcon_core.package_discovery:discover_packages(path) discover
[0.515s] Level 1:colcon.colcon_core.package_discovery:discover_packages(path) using defaults
[0.581s] Level 5:colcon.colcon_core.verb:set package 'subscribe_and_publish' build argument 'cmake_args' from command line to 'None'
[0.581s] Level 5:colcon.colcon_core.verb:set package 'subscribe_and_publish' build argument 'cmake_target' from command line to 'None'
[0.581s] Level 5:colcon.colcon_core.verb:set package 'subscribe_and_publish' build argument 'cmake_target_skip_unavailable' from command line to 'False'
[0.581s] Level 5:colcon.colcon_core.verb:set package 'subscribe_and_publish' build argument 'cmake_clean_cache' from command line to 'False'
[0.581s] Level 5:colcon.colcon_core.verb:set package 'subscribe_and_publish' build argument 'cmake_clean_first' from command line to 'False'
[0.581s] Level 5:colcon.colcon_core.verb:set package 'subscribe_and_publish' build argument 'cmake_force_configure' from command line to 'False'
[0.581s] Level 5:colcon.colcon_core.verb:set package 'subscribe_and_publish' build argument 'ament_cmake_args' from command line to 'None'
[0.581s] Level 5:colcon.colcon_core.verb:set package 'subscribe_and_publish' build argument 'catkin_cmake_args' from command line to 'None'
[0.581s] Level 5:colcon.colcon_core.verb:set package 'subscribe_and_publish' build argument 'catkin_skip_building_tests' from command line to 'False'
[0.582s] DEBUG:colcon.colcon_core.verb:Building package 'subscribe_and_publish' with the following arguments: {'ament_cmake_args': None, 'build_base': '/home/yanyu/mytest_ws/build/subscribe_and_publish', 'catkin_cmake_args': None, 'catkin_skip_building_tests': False, 'cmake_args': None, 'cmake_clean_cache': False, 'cmake_clean_first': False, 'cmake_force_configure': False, 'cmake_target': None, 'cmake_target_skip_unavailable': False, 'install_base': '/home/yanyu/mytest_ws/install/subscribe_and_publish', 'merge_install': False, 'path': '/home/yanyu/mytest_ws/src/subscribe_and_publish', 'symlink_install': False, 'test_result_base': None}
[0.582s] INFO:colcon.colcon_core.executor:Executing jobs using 'sequential' executor
[0.583s] DEBUG:colcon.colcon_core.executor.sequential:run_until_complete 'subscribe_and_publish'
[0.584s] INFO:colcon.colcon_ros.task.ament_cmake.build:Building ROS package in '/home/yanyu/mytest_ws/src/subscribe_and_publish' with build type 'ament_cmake'
[0.584s] INFO:colcon.colcon_cmake.task.cmake.build:Building CMake package in '/home/yanyu/mytest_ws/src/subscribe_and_publish'
[0.587s] INFO:colcon.colcon_core.plugin_system:Skipping extension 'colcon_core.shell.bat': Not used on non-Windows systems
[0.587s] DEBUG:colcon.colcon_core.shell:Skip shell extension 'dsv' for command environment
[0.603s] DEBUG:colcon.colcon_core.event_handler.log_command:Invoking command in '/home/yanyu/mytest_ws/build/subscribe_and_publish': CMAKE_PREFIX_PATH=${CMAKE_PREFIX_PATH}:/opt/ros/humble /usr/bin/cmake /home/yanyu/mytest_ws/src/subscribe_and_publish -DCMAKE_INSTALL_PREFIX=/home/yanyu/mytest_ws/install/subscribe_and_publish
[2.886s] DEBUG:colcon.colcon_core.event_handler.log_command:Invoked command in '/home/yanyu/mytest_ws/build/subscribe_and_publish' returned '0': CMAKE_PREFIX_PATH=${CMAKE_PREFIX_PATH}:/opt/ros/humble /usr/bin/cmake /home/yanyu/mytest_ws/src/subscribe_and_publish -DCMAKE_INSTALL_PREFIX=/home/yanyu/mytest_ws/install/subscribe_and_publish
[2.890s] DEBUG:colcon.colcon_core.event_handler.log_command:Invoking command in '/home/yanyu/mytest_ws/build/subscribe_and_publish': CMAKE_PREFIX_PATH=${CMAKE_PREFIX_PATH}:/opt/ros/humble /usr/bin/cmake --build /home/yanyu/mytest_ws/build/subscribe_and_publish -- -j2 -l2
[18.414s] DEBUG:colcon.colcon_core.event_handler.log_command:Invoked command in '/home/yanyu/mytest_ws/build/subscribe_and_publish' returned '0': CMAKE_PREFIX_PATH=${CMAKE_PREFIX_PATH}:/opt/ros/humble /usr/bin/cmake --build /home/yanyu/mytest_ws/build/subscribe_and_publish -- -j2 -l2
[18.519s] DEBUG:colcon.colcon_core.event_handler.log_command:Invoking command in '/home/yanyu/mytest_ws/build/subscribe_and_publish': CMAKE_PREFIX_PATH=${CMAKE_PREFIX_PATH}:/opt/ros/humble /usr/bin/cmake --install /home/yanyu/mytest_ws/build/subscribe_and_publish
[18.558s] DEBUG:colcon.colcon_core.event_handler.log_command:Invoked command in '/home/yanyu/mytest_ws/build/subscribe_and_publish' returned '0': CMAKE_PREFIX_PATH=${CMAKE_PREFIX_PATH}:/opt/ros/humble /usr/bin/cmake --install /home/yanyu/mytest_ws/build/subscribe_and_publish
[18.564s] Level 1:colcon.colcon_core.environment:create_environment_scripts_only(subscribe_and_publish)
[18.673s] Level 1:colcon.colcon_core.environment:checking '/home/yanyu/mytest_ws/install/subscribe_and_publish' for CMake module files
[18.675s] Level 1:colcon.colcon_core.environment:checking '/home/yanyu/mytest_ws/install/subscribe_and_publish' for CMake config files
[18.679s] Level 1:colcon.colcon_core.shell:create_environment_hook('subscribe_and_publish', 'cmake_prefix_path')
[18.681s] INFO:colcon.colcon_core.shell:Creating environment descriptor '/home/yanyu/mytest_ws/install/subscribe_and_publish/share/subscribe_and_publish/hook/cmake_prefix_path.dsv'
[18.690s] INFO:colcon.colcon_core.shell:Creating environment hook '/home/yanyu/mytest_ws/install/subscribe_and_publish/share/subscribe_and_publish/hook/cmake_prefix_path.sh'
[18.695s] Level 1:colcon.colcon_core.environment:checking '/home/yanyu/mytest_ws/install/subscribe_and_publish/lib'
[18.695s] Level 1:colcon.colcon_core.environment:checking '/home/yanyu/mytest_ws/install/subscribe_and_publish/bin'
[18.695s] Level 1:colcon.colcon_core.environment:checking '/home/yanyu/mytest_ws/install/subscribe_and_publish/lib/pkgconfig/subscribe_and_publish.pc'
[18.707s] Level 1:colcon.colcon_core.environment:checking '/home/yanyu/mytest_ws/install/subscribe_and_publish/lib/python3.10/site-packages'
[18.708s] Level 1:colcon.colcon_core.environment:checking '/home/yanyu/mytest_ws/install/subscribe_and_publish/bin'
[18.708s] INFO:colcon.colcon_core.shell:Creating package descriptor '/home/yanyu/mytest_ws/install/subscribe_and_publish/share/subscribe_and_publish/package.dsv'
[18.710s] INFO:colcon.colcon_core.shell:Creating package script '/home/yanyu/mytest_ws/install/subscribe_and_publish/share/subscribe_and_publish/package.sh'
[18.713s] Level 1:colcon.colcon_core.environment:create_file_with_runtime_dependencies(/home/yanyu/mytest_ws/install/subscribe_and_publish/share/colcon-core/packages/subscribe_and_publish)
[18.748s] Level 1:colcon.colcon_core.environment:create_environment_scripts_only(subscribe_and_publish)
[18.749s] Level 1:colcon.colcon_core.environment:checking '/home/yanyu/mytest_ws/install/subscribe_and_publish' for CMake module files
[18.749s] Level 1:colcon.colcon_core.environment:checking '/home/yanyu/mytest_ws/install/subscribe_and_publish' for CMake config files
[18.750s] Level 1:colcon.colcon_core.shell:create_environment_hook('subscribe_and_publish', 'cmake_prefix_path')
[18.752s] INFO:colcon.colcon_core.shell:Creating environment descriptor '/home/yanyu/mytest_ws/install/subscribe_and_publish/share/subscribe_and_publish/hook/cmake_prefix_path.dsv'
[18.753s] INFO:colcon.colcon_core.shell:Creating environment hook '/home/yanyu/mytest_ws/install/subscribe_and_publish/share/subscribe_and_publish/hook/cmake_prefix_path.sh'
[18.753s] Level 1:colcon.colcon_core.environment:checking '/home/yanyu/mytest_ws/install/subscribe_and_publish/lib'
[18.753s] Level 1:colcon.colcon_core.environment:checking '/home/yanyu/mytest_ws/install/subscribe_and_publish/bin'
[18.753s] Level 1:colcon.colcon_core.environment:checking '/home/yanyu/mytest_ws/install/subscribe_and_publish/lib/pkgconfig/subscribe_and_publish.pc'
[18.754s] Level 1:colcon.colcon_core.environment:checking '/home/yanyu/mytest_ws/install/subscribe_and_publish/lib/python3.10/site-packages'
[18.754s] Level 1:colcon.colcon_core.environment:checking '/home/yanyu/mytest_ws/install/subscribe_and_publish/bin'
[18.755s] INFO:colcon.colcon_core.shell:Creating package descriptor '/home/yanyu/mytest_ws/install/subscribe_and_publish/share/subscribe_and_publish/package.dsv'
[18.756s] INFO:colcon.colcon_core.shell:Creating package script '/home/yanyu/mytest_ws/install/subscribe_and_publish/share/subscribe_and_publish/package.sh'
[18.757s] Level 1:colcon.colcon_core.environment:create_file_with_runtime_dependencies(/home/yanyu/mytest_ws/install/subscribe_and_publish/share/colcon-core/packages/subscribe_and_publish)
[18.759s] DEBUG:colcon.colcon_core.executor.sequential:run_until_complete 'subscribe_and_publish' finished with '0'
[18.760s] DEBUG:colcon.colcon_core.executor.sequential:closing loop
[18.790s] DEBUG:colcon.colcon_core.executor.sequential:loop closed
[18.791s] DEBUG:colcon.colcon_core.event_reactor:joining thread
[18.794s] DEBUG:colcon.colcon_core.event_reactor:joined thread
[18.796s] INFO:colcon.colcon_core.shell:Creating prefix script '/home/yanyu/mytest_ws/install/local_setup.sh'
[18.798s] INFO:colcon.colcon_core.shell:Creating prefix util module '/home/yanyu/mytest_ws/install/_local_setup_util_sh.py'
[18.800s] INFO:colcon.colcon_core.shell:Creating prefix chain script '/home/yanyu/mytest_ws/install/setup.sh'
